Build started 2/21/2013 1:50:32 PM.
     1>Project "C:\Users\angelo\documents\visual studio 2010\Projects\Chapter10\Chapter10\Chapter10.vcxproj" on node 2 (build target(s)).
     1>InitializeBuildStatus:
         Creating "Debug\Chapter10.unsuccessfulbuild" because "AlwaysCreate" was specified.
       ClCompile:
         c:\Program Files (x86)\Microsoft Visual Studio 10.0\VC\bin\CL.exe /c /ZI /nologo /W3 /WX- /Od /Oy- /D _MBCS /Gm /EHsc /RTC1 /MDd /GS /fp:precise /Zc:wchar_t /Zc:forScope /Fo"Debug\\" /Fd"Debug\vc100.pdb" /Gd /TP /analyze- /errorReport:prompt main.cpp
         main.cpp
     1>c:\users\angelo\documents\visual studio 2010\projects\chapter10\chapter10\intset.h(4): warning C4067: unexpected tokens following preprocessor directive - expected a newline
     1>c:\users\angelo\documents\visual studio 2010\projects\chapter10\chapter10\intset.h(6): warning C4067: unexpected tokens following preprocessor directive - expected a newline
     1>c:\users\angelo\documents\visual studio 2010\projects\chapter10\chapter10\intset.h(7): warning C4067: unexpected tokens following preprocessor directive - expected a newline
       Link:
         c:\Program Files (x86)\Microsoft Visual Studio 10.0\VC\bin\link.exe /ERRORREPORT:PROMPT /OUT:"C:\Users\angelo\documents\visual studio 2010\Projects\Chapter10\Debug\Chapter10.exe" /NOLOGO kernel32.lib user32.lib gdi32.lib winspool.lib comdlg32.lib advapi32.lib shell32.lib ole32.lib oleaut32.lib uuid.lib odbc32.lib odbccp32.lib /MANIFEST /ManifestFile:"Debug\Chapter10.exe.intermediate.manifest" /MANIFESTUAC:"level='asInvoker' uiAccess='false'" /DEBUG /PDB:"C:\Users\angelo\documents\visual studio 2010\Projects\Chapter10\Debug\Chapter10.pdb" /TLBID:1 /DYNAMICBASE /NXCOMPAT /IMPLIB:"C:\Users\angelo\documents\visual studio 2010\Projects\Chapter10\Debug\Chapter10.lib" /MACHINE:X86 Debug\IntSet.obj
         Debug\main.obj
         LINK : C:\Users\angelo\documents\visual studio 2010\Projects\Chapter10\Debug\Chapter10.exe not found or not built by the last incremental link; performing full link
         Chapter10.vcxproj -> C:\Users\angelo\documents\visual studio 2010\Projects\Chapter10\Debug\Chapter10.exe
       Manifest:
         C:\Program Files (x86)\Microsoft SDKs\Windows\v7.0A\bin\mt.exe /nologo /verbose /outputresource:"C:\Users\angelo\documents\visual studio 2010\Projects\Chapter10\Debug\Chapter10.exe;#1" /manifest Debug\Chapter10.exe.intermediate.manifest
       FinalizeBuildStatus:
         Deleting file "Debug\Chapter10.unsuccessfulbuild".
         Touching "Debug\Chapter10.lastbuildstate".
     1>Done Building Project "C:\Users\angelo\documents\visual studio 2010\Projects\Chapter10\Chapter10\Chapter10.vcxproj" (build target(s)).

Build succeeded.

Time Elapsed 00:00:01.23
